2023-02-15T10:54:44.056+01:00  INFO 11872 --- [restartedMain] tFilRouge_2iTech_Craft2GetherApplication : Starting ProjetFilRouge_2iTech_Craft2GetherApplication using Java 17.0.5 with PID 11872 (C:\Users\iham\Documents\GitHub\ProjetFilRouge_2iTech_Craft2Gether\target\classes started by iham in C:\Users\iham\Documents\GitHub\ProjetFilRouge_2iTech_Craft2Gether)
2023-02-15T10:54:44.059+01:00  INFO 11872 --- [restartedMain] tFilRouge_2iTech_Craft2GetherApplication : No active profile set, falling back to 1 default profile: "default"
2023-02-15T10:54:44.114+01:00  INFO 11872 --- [restartedMain] .e.DevToolsPropertyDefaultsPostProcessor : Devtools property defaults active! Set 'spring.devtools.add-properties' to 'false' to disable
2023-02-15T10:54:44.114+01:00  INFO 11872 --- [restartedMain] .e.DevToolsPropertyDefaultsPostProcessor : For additional web related logging consider setting the 'logging.level.web' property to 'DEBUG'
2023-02-15T10:54:44.753+01:00  INFO 11872 --- [restartedMain] .s.d.r.c.RepositoryConfigurationDelegate : Bootstrapping Spring Data JPA repositories in DEFAULT mode.
2023-02-15T10:54:44.831+01:00  INFO 11872 --- [restartedMain] .s.d.r.c.RepositoryConfigurationDelegate : Finished Spring Data repository scanning in 68 ms. Found 4 JPA repository interfaces.
2023-02-15T10:54:45.391+01:00  INFO 11872 --- [restartedMain] o.s.b.w.embedded.tomcat.TomcatWebServer  : Tomcat initialized with port(s): 8080 (http)
2023-02-15T10:54:45.405+01:00  INFO 11872 --- [restartedMain] o.apache.catalina.core.StandardService   : Starting service [Tomcat]
2023-02-15T10:54:45.406+01:00  INFO 11872 --- [restartedMain] o.apache.catalina.core.StandardEngine    : Starting Servlet engine: [Apache Tomcat/10.1.4]
2023-02-15T10:54:45.497+01:00  INFO 11872 --- [restartedMain] o.a.c.c.C.[Tomcat].[localhost].[/CtT]    : Initializing Spring embedded WebApplicationContext
2023-02-15T10:54:45.497+01:00  INFO 11872 --- [restartedMain] w.s.c.ServletWebServerApplicationContext : Root WebApplicationContext: initialization completed in 1382 ms
2023-02-15T10:54:45.566+01:00  WARN 11872 --- [restartedMain] ConfigServletWebServerApplicationContext : Exception encountered during context initialization - cancelling refresh attempt: org.springframework.beans.factory.UnsatisfiedDependencyException: Error creating bean with name 'dataSourceScriptDatabaseInitializer' defined in class path resource [org/springframework/boot/autoconfigure/sql/init/DataSourceInitializationConfiguration.class]: Unsatisfied dependency expressed through method 'dataSourceScriptDatabaseInitializer' parameter 0: Error creating bean with name 'dataSource' defined in class path resource [org/springframework/boot/autoconfigure/jdbc/DataSourceConfiguration$Hikari.class]: Failed to instantiate [com.zaxxer.hikari.HikariDataSource]: Factory method 'dataSource' threw exception with message: Failed to determine a suitable driver class
2023-02-15T10:54:45.569+01:00  INFO 11872 --- [restartedMain] o.apache.catalina.core.StandardService   : Stopping service [Tomcat]
2023-02-15T10:54:45.590+01:00  INFO 11872 --- [restartedMain] .s.b.a.l.ConditionEvaluationReportLogger : 

Error starting ApplicationContext. To display the condition evaluation report re-run your application with 'debug' enabled.
2023-02-15T10:54:45.613+01:00 ERROR 11872 --- [restartedMain] o.s.b.d.LoggingFailureAnalysisReporter   : 

***************************
APPLICATION FAILED TO START
***************************

Description:

Failed to configure a DataSource: 'url' attribute is not specified and no embedded datasource could be configured.

Reason: Failed to determine a suitable driver class


Action:

Consider the following:
	If you want an embedded database (H2, HSQL or Derby), please put it on the classpath.
	If you have database settings to be loaded from a particular profile you may need to activate it (no profiles are currently active).

2023-02-15T10:55:31.780+01:00  INFO 7152 --- [restartedMain] tFilRouge_2iTech_Craft2GetherApplication : Starting ProjetFilRouge_2iTech_Craft2GetherApplication using Java 17.0.5 with PID 7152 (C:\Users\iham\Documents\GitHub\ProjetFilRouge_2iTech_Craft2Gether\target\classes started by iham in C:\Users\iham\Documents\GitHub\ProjetFilRouge_2iTech_Craft2Gether)
2023-02-15T10:55:31.782+01:00  INFO 7152 --- [restartedMain] tFilRouge_2iTech_Craft2GetherApplication : No active profile set, falling back to 1 default profile: "default"
2023-02-15T10:55:31.835+01:00  INFO 7152 --- [restartedMain] .e.DevToolsPropertyDefaultsPostProcessor : Devtools property defaults active! Set 'spring.devtools.add-properties' to 'false' to disable
2023-02-15T10:55:31.836+01:00  INFO 7152 --- [restartedMain] .e.DevToolsPropertyDefaultsPostProcessor : For additional web related logging consider setting the 'logging.level.web' property to 'DEBUG'
2023-02-15T10:55:32.470+01:00  INFO 7152 --- [restartedMain] .s.d.r.c.RepositoryConfigurationDelegate : Bootstrapping Spring Data JPA repositories in DEFAULT mode.
2023-02-15T10:55:32.543+01:00  INFO 7152 --- [restartedMain] .s.d.r.c.RepositoryConfigurationDelegate : Finished Spring Data repository scanning in 64 ms. Found 4 JPA repository interfaces.
2023-02-15T10:55:33.098+01:00  INFO 7152 --- [restartedMain] o.s.b.w.embedded.tomcat.TomcatWebServer  : Tomcat initialized with port(s): 8080 (http)
2023-02-15T10:55:33.116+01:00  INFO 7152 --- [restartedMain] o.apache.catalina.core.StandardService   : Starting service [Tomcat]
2023-02-15T10:55:33.117+01:00  INFO 7152 --- [restartedMain] o.apache.catalina.core.StandardEngine    : Starting Servlet engine: [Apache Tomcat/10.1.4]
2023-02-15T10:55:33.205+01:00  INFO 7152 --- [restartedMain] o.a.c.c.C.[Tomcat].[localhost].[/CtT]    : Initializing Spring embedded WebApplicationContext
2023-02-15T10:55:33.206+01:00  INFO 7152 --- [restartedMain] w.s.c.ServletWebServerApplicationContext : Root WebApplicationContext: initialization completed in 1370 ms
2023-02-15T10:55:33.277+01:00  WARN 7152 --- [restartedMain] ConfigServletWebServerApplicationContext : Exception encountered during context initialization - cancelling refresh attempt: org.springframework.beans.factory.UnsatisfiedDependencyException: Error creating bean with name 'dataSourceScriptDatabaseInitializer' defined in class path resource [org/springframework/boot/autoconfigure/sql/init/DataSourceInitializationConfiguration.class]: Unsatisfied dependency expressed through method 'dataSourceScriptDatabaseInitializer' parameter 0: Error creating bean with name 'dataSource' defined in class path resource [org/springframework/boot/autoconfigure/jdbc/DataSourceConfiguration$Hikari.class]: Failed to instantiate [com.zaxxer.hikari.HikariDataSource]: Factory method 'dataSource' threw exception with message: Failed to determine a suitable driver class
2023-02-15T10:55:33.281+01:00  INFO 7152 --- [restartedMain] o.apache.catalina.core.StandardService   : Stopping service [Tomcat]
2023-02-15T10:55:33.313+01:00  INFO 7152 --- [restartedMain] .s.b.a.l.ConditionEvaluationReportLogger : 

Error starting ApplicationContext. To display the condition evaluation report re-run your application with 'debug' enabled.
2023-02-15T10:55:33.346+01:00 ERROR 7152 --- [restartedMain] o.s.b.d.LoggingFailureAnalysisReporter   : 

***************************
APPLICATION FAILED TO START
***************************

Description:

Failed to configure a DataSource: 'url' attribute is not specified and no embedded datasource could be configured.

Reason: Failed to determine a suitable driver class


Action:

Consider the following:
	If you want an embedded database (H2, HSQL or Derby), please put it on the classpath.
	If you have database settings to be loaded from a particular profile you may need to activate it (no profiles are currently active).

2023-02-15T10:57:16.718+01:00  INFO 2152 --- [restartedMain] tFilRouge_2iTech_Craft2GetherApplication : Starting ProjetFilRouge_2iTech_Craft2GetherApplication using Java 17.0.5 with PID 2152 (C:\Users\iham\Documents\GitHub\ProjetFilRouge_2iTech_Craft2Gether\target\classes started by iham in C:\Users\iham\Documents\GitHub\ProjetFilRouge_2iTech_Craft2Gether)
2023-02-15T10:57:16.721+01:00  INFO 2152 --- [restartedMain] tFilRouge_2iTech_Craft2GetherApplication : No active profile set, falling back to 1 default profile: "default"
2023-02-15T10:57:16.774+01:00  INFO 2152 --- [restartedMain] .e.DevToolsPropertyDefaultsPostProcessor : Devtools property defaults active! Set 'spring.devtools.add-properties' to 'false' to disable
2023-02-15T10:57:16.774+01:00  INFO 2152 --- [restartedMain] .e.DevToolsPropertyDefaultsPostProcessor : For additional web related logging consider setting the 'logging.level.web' property to 'DEBUG'
2023-02-15T10:57:17.362+01:00  INFO 2152 --- [restartedMain] .s.d.r.c.RepositoryConfigurationDelegate : Bootstrapping Spring Data JPA repositories in DEFAULT mode.
2023-02-15T10:57:17.439+01:00  INFO 2152 --- [restartedMain] .s.d.r.c.RepositoryConfigurationDelegate : Finished Spring Data repository scanning in 70 ms. Found 4 JPA repository interfaces.
2023-02-15T10:57:17.960+01:00  INFO 2152 --- [restartedMain] o.s.b.w.embedded.tomcat.TomcatWebServer  : Tomcat initialized with port(s): 8080 (http)
2023-02-15T10:57:17.973+01:00  INFO 2152 --- [restartedMain] o.apache.catalina.core.StandardService   : Starting service [Tomcat]
2023-02-15T10:57:17.974+01:00  INFO 2152 --- [restartedMain] o.apache.catalina.core.StandardEngine    : Starting Servlet engine: [Apache Tomcat/10.1.4]
2023-02-15T10:57:18.056+01:00  INFO 2152 --- [restartedMain] o.a.c.c.C.[Tomcat].[localhost].[/CtT]    : Initializing Spring embedded WebApplicationContext
2023-02-15T10:57:18.057+01:00  INFO 2152 --- [restartedMain] w.s.c.ServletWebServerApplicationContext : Root WebApplicationContext: initialization completed in 1282 ms
2023-02-15T10:57:18.127+01:00  WARN 2152 --- [restartedMain] ConfigServletWebServerApplicationContext : Exception encountered during context initialization - cancelling refresh attempt: org.springframework.beans.factory.UnsatisfiedDependencyException: Error creating bean with name 'dataSourceScriptDatabaseInitializer' defined in class path resource [org/springframework/boot/autoconfigure/sql/init/DataSourceInitializationConfiguration.class]: Unsatisfied dependency expressed through method 'dataSourceScriptDatabaseInitializer' parameter 0: Error creating bean with name 'dataSource' defined in class path resource [org/springframework/boot/autoconfigure/jdbc/DataSourceConfiguration$Hikari.class]: Failed to instantiate [com.zaxxer.hikari.HikariDataSource]: Factory method 'dataSource' threw exception with message: Failed to determine a suitable driver class
2023-02-15T10:57:18.130+01:00  INFO 2152 --- [restartedMain] o.apache.catalina.core.StandardService   : Stopping service [Tomcat]
2023-02-15T10:57:18.153+01:00  INFO 2152 --- [restartedMain] .s.b.a.l.ConditionEvaluationReportLogger : 

Error starting ApplicationContext. To display the condition evaluation report re-run your application with 'debug' enabled.
2023-02-15T10:57:18.176+01:00 ERROR 2152 --- [restartedMain] o.s.b.d.LoggingFailureAnalysisReporter   : 

***************************
APPLICATION FAILED TO START
***************************

Description:

Failed to configure a DataSource: 'url' attribute is not specified and no embedded datasource could be configured.

Reason: Failed to determine a suitable driver class


Action:

Consider the following:
	If you want an embedded database (H2, HSQL or Derby), please put it on the classpath.
	If you have database settings to be loaded from a particular profile you may need to activate it (no profiles are currently active).

